<?xml version="1.0" encoding="UTF-8"?>
<beans xmlns="http://www.springframework.org/schema/beans"
	xmlns:xsi="http://www.w3.org/2001/XMLSchema-instance"
	xsi:schemaLocation="http://www.springframework.org/schema/beans 
	http://www.springframework.org/schema/beans/spring-beans.xsd">

	<bean id="userService" class="kr.teamaq.user.UserServiceTx">
		<property name="transactionManager" ref="transactionManager" />
		<property name="userService" ref="userServiceImpl" />
	</bean>

	<bean id="userServiceImpl" class="kr.teamaq.user.UserServiceImpl">
		<property name="userDao" ref="userDao" />
		<property name="mailSender" ref="mailSender2" />
	</bean>

	<bean id="userDao" class="kr.teamaq.user.dao.UserDaoJdbc">
		<property name="dataSource" ref="dataSource" />
	</bean>

	<bean id="transactionManager"
		class="org.springframework.jdbc.datasource.DataSourceTransactionManager">
		<property name="dataSource" ref="dataSource" />
	</bean>

	<bean id="mailSender2" class="kr.teamaq.user.mail.DummyMailSender" />

	<bean id="mailSender" class="org.springframework.mail.javamail.JavaMailSenderImpl">
		<property name="host" value="smtp.gmail.com" />
		<property name="port" value="587" />
		<property name="username" value="creativestudioaq@gmail.com" />
		<property name="password" value="ghdrb0422" />
		<property name="javaMailProperties">
			<props>
				<prop key="mail.smtp.ssl.trust">smtp.gmail.com</prop>
				<prop key="mail.smtp.starttls.enable">true</prop>
				<prop key="mail.smtp.auth">true</prop>
			</props>
		</property>
	</bean>


	<bean id="dataSource"
		class="org.springframework.jdbc.datasource.SimpleDriverDataSource">
		<property name="driverClass" value="org.postgresql.Driver" />
		<property name="url"
			value="jdbc:postgresql://proautodb.cy9crgteqp0p.ap-northeast-2.rds.amazonaws.com:5432/MemKey" />
		<property name="username" value="memkey" />
		<property name="password" value="ghdrb0422" />
	</bean>

</beans>